<?xml version="1.0" encoding="UTF-8"?>
<!-- Generated by org.testng.reporters.JUnitXMLReporter -->
<testsuite ignored="0" hostname="navadhiti-HP-EliteBook-840-G3" failures="1" tests="1" name="LoginTest_Chrome" time="1.763" errors="0" timestamp="2024-11-27T16:59:52 IST">
  <testcase classname="testPackage.TC_002_Recordings" name="validate_recordings" time="1.639">
    <failure type="org.testng.internal.reflect.MethodMatcherException" message="
[public void testPackage.TC_002_Recordings.validate_recordings(java.lang.String,java.lang.String,java.lang.String,java.lang.String,java.lang.String,java.lang.String,java.lang.String,java.lang.String) throws java.lang.InterruptedException] has no parameters defined but was found to be using a data provider (either explicitly specified or inherited from class level annotation).
Data provider mismatch
Method: validate_recordings([java.lang.String arg0, java.lang.String arg1, java.lang.String arg2, java.lang.String arg3, java.lang.String arg4, java.lang.String arg5, java.lang.String arg6, java.lang.String arg7])
Arguments: [(java.lang.String) Validate login feature with valid credentials and filestatus Flow,(java.lang.String) Teju,(java.lang.String) Regression,(java.lang.String) thejaswini+devscribe@navadhiti.com,(java.lang.String) Teju@5555,(java.lang.String) Positive,(java.lang.String) Teju two,(java.lang.String) `27/09/2024`,(java.lang.String) ,(java.lang.String) ]">
      <![CDATA[org.testng.internal.reflect.MethodMatcherException: 
[public void testPackage.TC_002_Recordings.validate_recordings(java.lang.String,java.lang.String,java.lang.String,java.lang.String,java.lang.String,java.lang.String,java.lang.String,java.lang.String) throws java.lang.InterruptedException] has no parameters defined but was found to be using a data provider (either explicitly specified or inherited from class level annotation).
Data provider mismatch
Method: validate_recordings([java.lang.String arg0, java.lang.String arg1, java.lang.String arg2, java.lang.String arg3, java.lang.String arg4, java.lang.String arg5, java.lang.String arg6, java.lang.String arg7])
Arguments: [(java.lang.String) Validate login feature with valid credentials and filestatus Flow,(java.lang.String) Teju,(java.lang.String) Regression,(java.lang.String) thejaswini+devscribe@navadhiti.com,(java.lang.String) Teju@5555,(java.lang.String) Positive,(java.lang.String) Teju two,(java.lang.String) `27/09/2024`,(java.lang.String) ,(java.lang.String) ]
at java.base/java.util.concurrent.Executors$RunnableAdapter.call(Executors.java:539)
at java.base/java.util.concurrent.FutureTask.run(FutureTask.java:264)
at java.base/java.util.concurrent.ThreadPoolExecutor.runWorker(ThreadPoolExecutor.java:1136)
at java.base/java.util.concurrent.ThreadPoolExecutor$Worker.run(ThreadPoolExecutor.java:635)
at java.base/java.lang.Thread.run(Thread.java:840)
... Removed 8 stack frames]]>
    </failure>
  </testcase> <!-- validate_recordings -->
</testsuite> <!-- LoginTest_Chrome -->
